2025-07-11 23:23:53,000 - root - INFO - Initializing MainWindow...
2025-07-11 23:23:53,002 - root - INFO - Logging initialized
2025-07-11 23:23:53,003 - root - INFO - Setting up basic UI...
2025-07-11 23:23:53,004 - root - ERROR - Error during MainWindow initialization: 'MainWindow' object has no attribute 'setup_window_properties'
Traceback (most recent call last):
  File "G:\worship\worship_songs_presenter\app\ui\windows\main_window.py", line 54, in __init__
    self.setup_window_properties()
    ^^^^^^^^^^^^^^^^^^^^^^^^^^^^
AttributeError: 'MainWindow' object has no attribute 'setup_window_properties'
2025-07-11 23:26:25,226 - __main__ - INFO - Logging initialized
2025-07-11 23:26:25,226 - __main__ - INFO - Log file: G:\worship\worship_songs_presenter\app\data\temp\logs\app.log
2025-07-11 23:26:25,228 - __main__ - INFO - Starting Worship Songs Presenter
2025-07-11 23:26:25,228 - __main__ - INFO - Creating main window...
2025-07-11 23:26:25,229 - root - INFO - Initializing MainWindow...
2025-07-11 23:26:25,230 - root - INFO - Logging initialized
2025-07-11 23:26:25,230 - root - INFO - Setting up basic UI...
2025-07-11 23:26:25,231 - root - INFO - Setting up window properties...
2025-07-11 23:26:25,244 - root - INFO - Setting up main layout...
2025-07-11 23:26:25,245 - root - INFO - Setting up content area...
2025-07-11 23:26:25,323 - root - INFO - Setting up UI components...
2025-07-11 23:26:25,335 - root - INFO - Showing splash screen...
2025-07-11 23:26:25,576 - root - INFO - MainWindow initialization complete, scheduled delayed init
2025-07-11 23:26:25,578 - __main__ - INFO - Starting application event loop
2025-07-11 23:26:25,675 - root - INFO - Starting delayed initialization...
2025-07-11 23:26:25,676 - root - INFO - Loading config from G:\worship\worship_songs_presenter\app\config\settings.json
2025-07-11 23:26:25,677 - root - WARNING - Config file not found at G:\worship\worship_songs_presenter\app\config\settings.json, using default settings
2025-07-11 23:26:25,678 - root - INFO - Initializing connections...
2025-07-11 23:26:25,678 - root - ERROR - Error initializing connections: 'MainWindow' object has no attribute 'init_connections'
Traceback (most recent call last):
  File "G:\worship\worship_songs_presenter\app\ui\windows\main_window.py", line 263, in _delayed_init
    self.init_connections()
    ^^^^^^^^^^^^^^^^^^^^^
AttributeError: 'MainWindow' object has no attribute 'init_connections'
2025-07-11 23:26:25,683 - root - ERROR - Error during delayed initialization: 'MainWindow' object has no attribute 'init_connections'
Traceback (most recent call last):
  File "G:\worship\worship_songs_presenter\app\ui\windows\main_window.py", line 263, in _delayed_init
    self.init_connections()
    ^^^^^^^^^^^^^^^^^^^^^
AttributeError: 'MainWindow' object has no attribute 'init_connections'
2025-07-11 23:30:30,507 - __main__ - INFO - Logging initialized
2025-07-11 23:30:30,507 - __main__ - INFO - Log file: G:\worship\worship_songs_presenter\app\data\temp\logs\app.log
2025-07-11 23:30:30,508 - __main__ - INFO - Starting Worship Songs Presenter
2025-07-11 23:30:30,508 - __main__ - INFO - Creating main window...
2025-07-11 23:30:30,510 - root - INFO - Initializing MainWindow...
2025-07-11 23:30:30,510 - root - INFO - Logging initialized
2025-07-11 23:30:30,511 - root - INFO - Setting up basic UI...
2025-07-11 23:30:30,511 - root - INFO - Setting up window properties...
2025-07-11 23:30:30,529 - root - INFO - Setting up main layout...
2025-07-11 23:30:30,530 - root - INFO - Setting up content area...
2025-07-11 23:30:30,618 - root - INFO - Setting up UI components...
2025-07-11 23:30:30,633 - root - INFO - Initializing signal-slot connections...
2025-07-11 23:30:30,633 - root - INFO - Signal-slot connections initialized successfully
2025-07-11 23:30:30,634 - root - INFO - Showing splash screen...
2025-07-11 23:30:30,894 - root - INFO - MainWindow initialization complete, scheduled delayed init
2025-07-11 23:30:30,895 - __main__ - INFO - Starting application event loop
2025-07-11 23:30:30,995 - root - INFO - Starting delayed initialization...
2025-07-11 23:30:30,995 - root - INFO - Loading config from G:\worship\worship_songs_presenter\app\config\settings.json
2025-07-11 23:30:30,996 - root - WARNING - Config file not found at G:\worship\worship_songs_presenter\app\config\settings.json, using default settings
2025-07-11 23:30:30,997 - root - INFO - Initializing connections...
2025-07-11 23:30:30,997 - root - INFO - Initializing signal-slot connections...
2025-07-11 23:30:30,997 - root - INFO - Signal-slot connections initialized successfully
2025-07-11 23:30:30,998 - root - INFO - Connections initialized successfully
2025-07-11 23:30:30,998 - root - INFO - Starting background data loading...
2025-07-11 23:30:30,998 - root - INFO - Preparing to load initial data...
2025-07-11 23:30:31,000 - root - INFO - Creating worker thread for data loading...
2025-07-11 23:30:31,001 - root - INFO - Starting worker thread...
2025-07-11 23:30:31,002 - root - INFO - Worker thread started successfully
2025-07-11 23:30:31,002 - root - INFO - Background data loading started...
2025-07-11 23:30:31,003 - root - INFO - Loading songs from directory: G:\worship\worship_songs_presenter\app\data\lyrics
2025-07-11 23:30:31,003 - root - INFO - Found 0 song files to process
2025-07-11 23:30:31,004 - root - INFO - Sorting 0 songs...
2025-07-11 23:30:31,004 - root - INFO - Successfully loaded 0 songs in 0.00 seconds
2025-07-11 23:30:31,005 - root - INFO - Processing loaded data...
2025-07-11 23:30:31,005 - root - INFO - Updating UI with 0 songs (load time: 0.00s)
2025-07-11 23:30:31,006 - root - DEBUG - Adding 0 songs to dropdown
2025-07-11 23:30:31,006 - root - DEBUG - Song dropdown updated successfully
2025-07-11 23:30:31,007 - root - INFO - Application initialization complete
2025-07-11 23:30:31,007 - root - INFO - Closing splash screen...
2025-07-11 23:30:31,007 - root - INFO - Showing main window...
2025-07-11 23:30:31,029 - root - INFO - Application ready
2025-07-11 23:30:31,030 - root - INFO - Worker thread finished
